# JRE version: OpenJDK Runtime Environment (8.0_152-b01) (build 1.8.0_152-release-915-b01)
# Java VM: OpenJDK 64-Bit Server VM (25.152-b01 mixed mode windows-amd64 compressed oops)
Heap:
 PSYoungGen      total 446464K, used 362512K [0x00000000e0000000, 0x00000000ff480000, 0x0000000100000000)
  eden space 378880K, 89% used [0x00000000e0000000,0x00000000f49f0248,0x00000000f7200000)
  from space 67584K, 36% used [0x00000000f7200000,0x00000000f8a140c0,0x00000000fb400000)
  to   space 63488K, 0% used [0x00000000fb680000,0x00000000fb680000,0x00000000ff480000)
 ParOldGen       total 446464K, used 289021K [0x00000000a0000000, 0x00000000bb400000, 0x00000000e0000000)
  object space 446464K, 64% used [0x00000000a0000000,0x00000000b1a3f608,0x00000000bb400000)
 Metaspace       used 92597K, capacity 103461K, committed 103572K, reserved 1138688K
  class space    used 11802K, capacity 14436K, committed 14484K, reserved 1048576K
GC Heap History (10 events):
Event: 14098.189 GC heap before
{Heap before GC invocations=70 (full 5):
 PSYoungGen      total 450048K, used 423266K [0x00000000e0000000, 0x0000000100000000, 0x0000000100000000)
  eden space 385024K, 97% used [0x00000000e0000000,0x00000000f6f645e8,0x00000000f7800000)
  from space 65024K, 72% used [0x00000000fbc00000,0x00000000fe9f42f0,0x00000000ffb80000)
  to   space 69632K, 0% used [0x00000000f7800000,0x00000000f7800000,0x00000000fbc00000)
 ParOldGen       total 446464K, used 246600K [0x00000000a0000000, 0x00000000bb400000, 0x00000000e0000000)
  object space 446464K, 55% used [0x00000000a0000000,0x00000000af0d22d0,0x00000000bb400000)
 Metaspace       used 87086K, capacity 95787K, committed 97684K, reserved 1134592K
  class space    used 10982K, capacity 13021K, committed 13460K, reserved 1048576K
Event: 14098.556 GC heap after
Heap after GC invocations=70 (full 5):
 PSYoungGen      total 436736K, used 51449K [0x00000000e0000000, 0x0000000100000000, 0x0000000100000000)
  eden space 385024K, 0% used [0x00000000e0000000,0x00000000e0000000,0x00000000f7800000)
  from space 51712K, 99% used [0x00000000f7800000,0x00000000faa3e530,0x00000000faa80000)
  to   space 75264K, 0% used [0x00000000fb680000,0x00000000fb680000,0x0000000100000000)
 ParOldGen       total 446464K, used 287832K [0x00000000a0000000, 0x00000000bb400000, 0x00000000e0000000)
  object space 446464K, 64% used [0x00000000a0000000,0x00000000b19162e0,0x00000000bb400000)
 Metaspace       used 87086K, capacity 95787K, committed 97684K, reserved 1134592K
  class space    used 10982K, capacity 13021K, committed 13460K, reserved 1048576K
}
Event: 14152.772 GC heap before
{Heap before GC invocations=71 (full 5):
 PSYoungGen      total 436736K, used 436473K [0x00000000e0000000, 0x0000000100000000, 0x0000000100000000)
  eden space 385024K, 100% used [0x00000000e0000000,0x00000000f7800000,0x00000000f7800000)
  from space 51712K, 99% used [0x00000000f7800000,0x00000000faa3e530,0x00000000faa80000)
  to   space 75264K, 0% used [0x00000000fb680000,0x00000000fb680000,0x0000000100000000)
 ParOldGen       total 446464K, used 287832K [0x00000000a0000000, 0x00000000bb400000, 0x00000000e0000000)
  object space 446464K, 64% used [0x00000000a0000000,0x00000000b19162e0,0x00000000bb400000)
 Metaspace       used 87161K, capacity 95971K, committed 97940K, reserved 1134592K
  class space    used 10993K, capacity 13061K, committed 13460K, reserved 1048576K
Event: 14152.800 GC heap after
Heap after GC invocations=71 (full 5):
 PSYoungGen      total 450560K, used 7673K [0x00000000e0000000, 0x0000000100000000, 0x0000000100000000)
  eden space 375296K, 0% used [0x00000000e0000000,0x00000000e0000000,0x00000000f6e80000)
  from space 75264K, 10% used [0x00000000fb680000,0x00000000fbdfe550,0x0000000100000000)
  to   space 73728K, 0% used [0x00000000f6e80000,0x00000000f6e80000,0x00000000fb680000)
 ParOldGen       total 446464K, used 287832K [0x00000000a0000000, 0x00000000bb400000, 0x00000000e0000000)
  object space 446464K, 64% used [0x00000000a0000000,0x00000000b19162e0,0x00000000bb400000)
 Metaspace       used 87161K, capacity 95971K, committed 97940K, reserved 1134592K
  class space    used 10993K, capacity 13061K, committed 13460K, reserved 1048576K
}
Event: 16953.158 GC heap before
{Heap before GC invocations=72 (full 5):
 PSYoungGen      total 450560K, used 382969K [0x00000000e0000000, 0x0000000100000000, 0x0000000100000000)
  eden space 375296K, 100% used [0x00000000e0000000,0x00000000f6e80000,0x00000000f6e80000)
  from space 75264K, 10% used [0x00000000fb680000,0x00000000fbdfe550,0x0000000100000000)
  to   space 73728K, 0% used [0x00000000f6e80000,0x00000000f6e80000,0x00000000fb680000)
 ParOldGen       total 446464K, used 287832K [0x00000000a0000000, 0x00000000bb400000, 0x00000000e0000000)
  object space 446464K, 64% used [0x00000000a0000000,0x00000000b19162e0,0x00000000bb400000)
 Metaspace       used 88452K, capacity 97999K, committed 98964K, reserved 1134592K
  class space    used 11257K, capacity 13517K, committed 13716K, reserved 1048576K
Event: 16953.212 GC heap after
Heap after GC invocations=72 (full 5):
 PSYoungGen      total 389632K, used 14112K [0x00000000e0000000, 0x00000000ff980000, 0x0000000100000000)
  eden space 375296K, 0% used [0x00000000e0000000,0x00000000e0000000,0x00000000f6e80000)
  from space 14336K, 98% used [0x00000000f6e80000,0x00000000f7c48020,0x00000000f7c80000)
  to   space 71168K, 0% used [0x00000000fb400000,0x00000000fb400000,0x00000000ff980000)
 ParOldGen       total 446464K, used 288686K [0x00000000a0000000, 0x00000000bb400000, 0x00000000e0000000)
  object space 446464K, 64% used [0x00000000a0000000,0x00000000b19eb8e0,0x00000000bb400000)
 Metaspace       used 88452K, capacity 97999K, committed 98964K, reserved 1134592K
  class space    used 11257K, capacity 13517K, committed 13716K, reserved 1048576K
}
Event: 17061.545 GC heap before
{Heap before GC invocations=73 (full 5):
 PSYoungGen      total 389632K, used 389408K [0x00000000e0000000, 0x00000000ff980000, 0x0000000100000000)
  eden space 375296K, 100% used [0x00000000e0000000,0x00000000f6e80000,0x00000000f6e80000)
  from space 14336K, 98% used [0x00000000f6e80000,0x00000000f7c48020,0x00000000f7c80000)
  to   space 71168K, 0% used [0x00000000fb400000,0x00000000fb400000,0x00000000ff980000)
 ParOldGen       total 446464K, used 288686K [0x00000000a0000000, 0x00000000bb400000, 0x00000000e0000000)
  object space 446464K, 64% used [0x00000000a0000000,0x00000000b19eb8e0,0x00000000bb400000)
 Metaspace       used 91659K, capacity 101695K, committed 102036K, reserved 1136640K
  class space    used 11661K, capacity 14067K, committed 14228K, reserved 1048576K
Event: 17061.626 GC heap after
Heap after GC invocations=73 (full 5):
 PSYoungGen      total 450048K, used 17848K [0x00000000e0000000, 0x0000000100000000, 0x0000000100000000)
  eden space 378880K, 0% used [0x00000000e0000000,0x00000000e0000000,0x00000000f7200000)
  from space 71168K, 25% used [0x00000000fb400000,0x00000000fc56e3b0,0x00000000ff980000)
  to   space 67584K, 0% used [0x00000000f7200000,0x00000000f7200000,0x00000000fb400000)
 ParOldGen       total 446464K, used 288718K [0x00000000a0000000, 0x00000000bb400000, 0x00000000e0000000)
  object space 446464K, 64% used [0x00000000a0000000,0x00000000b19f38e0,0x00000000bb400000)
 Metaspace       used 91659K, capacity 101695K, committed 102036K, reserved 1136640K
  class space    used 11661K, capacity 14067K, committed 14228K, reserved 1048576K
}
Event: 17308.852 GC heap before
{Heap before GC invocations=74 (full 5):
 PSYoungGen      total 450048K, used 396728K [0x00000000e0000000, 0x0000000100000000, 0x0000000100000000)
  eden space 378880K, 100% used [0x00000000e0000000,0x00000000f7200000,0x00000000f7200000)
  from space 71168K, 25% used [0x00000000fb400000,0x00000000fc56e3b0,0x00000000ff980000)
  to   space 67584K, 0% used [0x00000000f7200000,0x00000000f7200000,0x00000000fb400000)
 ParOldGen       total 446464K, used 288718K [0x00000000a0000000, 0x00000000bb400000, 0x00000000e0000000)
  object space 446464K, 64% used [0x00000000a0000000,0x00000000b19f38e0,0x00000000bb400000)
 Metaspace       used 92295K, capacity 102931K, committed 103188K, reserved 1138688K
  class space    used 11753K, capacity 14337K, committed 14356K, reserved 1048576K
Event: 17308.940 GC heap after
Heap after GC invocations=74 (full 5):
 PSYoungGen      total 446464K, used 24656K [0x00000000e0000000, 0x00000000ff480000, 0x0000000100000000)
  eden space 378880K, 0% used [0x00000000e0000000,0x00000000e0000000,0x00000000f7200000)
  from space 67584K, 36% used [0x00000000f7200000,0x00000000f8a140c0,0x00000000fb400000)
  to   space 63488K, 0% used [0x00000000fb680000,0x00000000fb680000,0x00000000ff480000)
 ParOldGen       total 446464K, used 289021K [0x00000000a0000000, 0x00000000bb400000, 0x00000000e0000000)
  object space 446464K, 64% used [0x00000000a0000000,0x00000000b1a3f608,0x00000000bb400000)
 Metaspace       used 92295K, capacity 102931K, committed 103188K, reserved 1138688K
  class space    used 11753K, capacity 14337K, committed 14356K, reserved 1048576K
}

